----------------------------- xHarbour Error Log ------------------------------

Date...............: 30/09/2024
Time...............: 22:17:59

Application name...: D:\develop\harbour\dbu\dbu64\dbu64.exe
Workstation name...: DESKTOP-CAIAD50
Available memory...: 4827492
Current disk.......: D
Current directory..: develop\harbour\dbu\dbu64
Free disk space....: 10115125248

Operating system...: Windows 8 6.2
xHarbour version...: Harbour 3.2.0dev (r2405310955)
xHarbour built on..: Sep 15 2024 10:11:21
C/C++ compiler.....: MinGW GNU C 14.2 (64-bit)
Multi Threading....: NO
VM Optimization....: 0

Current Area ......:1

-------------------------- Environmental Information --------------------------

SET ALTERNATE......: OFF
SET ALTFILE........: 
SET AUTOPEN........: ON
SET AUTORDER.......: 0
SET AUTOSHARE......: 0
SET BELL...........: OFF
SET BLINK..........: .T.
SET CANCEL.........: ON
SET CENTURY........: ON
SET COLOR..........: W+/B,N/W,B/N,N/N,N/W
SET CONFIRM........: OFF
SET CONSOLE........: ON
SET COUNT..........: 0
SET CURSOR.........: 1
SET DATE FORMAT....: DD/MM/YYYY
SET DBFLOCKSCHEME..: 0
SET DEBUG..........: OFF
SET DECIMALS.......: 2
SET DEFAULT........: 
SET DEFEXTENSIONS..: ON
SET DELETED........: ON
SET DELIMCHARS.....: ::
SET DELIMETERS.....: OFF
SET DEVICE.........: SCREEN
SET DIRCASE........: 0
SET DIRSEPARATOR...: \
SET EOL............: 13
SET EPOCH..........: 1964
SET ERRORLOG.......: ERROR.LOG,.F.
SET ESCAPE.........: ON
SET EVENTMASK......: 1279
SET EXACT..........: OFF
SET EXCLUSIVE......: ON
SET EXIT...........: OFF
SET EXTRA..........: OFF
SET EXTRAFILE......: 
SET FILECASE.......: 0
SET FIXED..........: OFF
SET FORCEOPT.......: OFF
SET HARDCOMMIT.....: ON
SET IDLEREPEAT.....: ON
SET INSERT.........: OFF
SET INTENSITY......: ON
SET LANGUAGE.......: PT.DE850
SET MARGIN.........: 0
SET MBLOCKSIZE.....: 64
SET MCENTER........: OFF
SET MESSAGE........: 0
SET MFILEEXT.......: 
SET OPTIMIZE.......: ON
SET PATH...........: D:\DEVELOP\HARBOUR\DBU\DBU64\
SET PRINTER........: OFF
SET PRINTFILE......: LPT1
SET SCOREBOARD.....: OFF
SET SCROLLBREAK....: ON
SET SOFTSEEK.......: ON
SET STRICTREAD.....: OFF
SET TRIMFILENAME...: .F.
SET TYPEAHEAD......: 50
SET UNIQUE.........: OFF
SET VIDEOMODE......: 0
SET WRAP...........: OFF

---------------------------Detailed Work Area Items----------------------------


-------------------- Internal Error Handling Information  ---------------------

Subsystem Call ....: BASE
System Code .......: 1003
Default Status ....: .F.
Description .......: Vari vel nÆo existe
Operation .........: NCHOICES
Arguments .........: 
Involved File .....: 
Dos Error Code ....: 0
                   : <Outros>

 Trace Through:
----------------
(b)ERRORSYS           :      79 in Module: d:\develop\harbour\objmgw\xhberr_mode.prg
PGSQLMENU             :      28 in Module: d:\develop\harbour\dbu\dbupg.prg
MAIN                  :     574 in Module: d:\develop\harbour\dbu\DBU.PRG


############################## Video Screen Dump ##############################

+--------------------------------------------------------------------------------+
|                      ?Server                          ?                        |
|                      ?localhost                       ?                        |
|                      ?                                ?                        |
|                      ?                                ?                        |
|                      ?user                            ?                        |
|                      ?postgres                        ?                        |
|                      ?pass                            ?                        |
|                      ?admin                           ?                        |
|                      ?                                ?                        |
|                      ?                                ?                        |
|                      ?                                ?                        |
|                      ?                                ?                        |
|                      ?                                ?                        |
|                      ?                                ?                        |
|                      ?                                ?                        |
|                      ?                                ?                        |
|                      ?                                ?                        |
|RDD(DBFCDX) Extensao(.?                                ?                        |
|Exportar Para(DLM) Del??????????????????????????????????                        |
|Sepador Decimal(.) Oem Ansi(N) Separador Registro( ) Ano(DMA       /2) Logico(1 |
|Error BASE/1003  Vari vel nÆo existe: NCHOICES                                  |
|                                                                                |
|Error at ...: MDBDATABASES(158) in Module: d:\develop\harbour\dbu\mdb2dbf.prg   |
|Called from : PGSQLMENU(28) in Module: d:\develop\harbour\dbu\dbupg.prg         |
|Called from : MAIN(574) in Module: d:\develop\harbour\dbu\DBU.PRG               |
+--------------------------------------------------------------------------------+


